#
# There is insufficient memory for the Java Runtime Environment to continue.
# Native memory allocation (malloc) failed to allocate 1554576 bytes for Chunk::new
# Possible reasons:
#   The system is out of physical RAM or swap space
#   The process is running with CompressedOops enabled, and the Java Heap may be blocking the growth of the native heap
# Possible solutions:
#   Reduce memory load on the system
#   Increase physical memory or swap space
#   Check if swap backing store is full
#   Decrease Java heap size (-Xmx/-Xms)
#   Decrease number of Java threads
#   Decrease Java thread stack sizes (-Xss)
#   Set larger code cache with -XX:ReservedCodeCacheSize=
#   JVM is running with Unscaled Compressed Oops mode in which the Java heap is
#     placed in the first 4GB address space. The Java Heap base address is the
#     maximum limit for the native heap growth. Please use -XX:HeapBaseMinAddress
#     to set the Java Heap base and to place the Java Heap above 4GB virtual address.
# This output file may be truncated or incomplete.
#
#  Out of Memory Error (allocation.cpp:389), pid=9332, tid=0x0000000000002f7c
#
# JRE version: OpenJDK Runtime Environment (8.0_242-b01) (build 1.8.0_242-release-1644-b01)
# Java VM: OpenJDK 64-Bit Server VM (25.242-b01 mixed mode windows-amd64 compressed oops)
# Failed to write core dump. Minidumps are not enabled by default on client versions of Windows
#

---------------  T H R E A D  ---------------

Current thread (0x0000000019a0e000):  JavaThread "C2 CompilerThread1" daemon [_thread_in_native, id=12156, stack(0x000000001b180000,0x000000001b280000)]

Stack: [0x000000001b180000,0x000000001b280000]
[error occurred during error reporting (printing stack bounds), id 0xc0000005]

Native frames: (J=compiled Java code, j=interpreted, Vv=VM code, C=native code)


Current CompileTask:
C2:  72481 20461       4       com.android.tools.r8.ir.optimize.l::t (845 bytes)


---------------  P R O C E S S  ---------------

Java Threads: ( => current thread )
  0x0000000019d35800 JavaThread "WorkerExecutor Queue Thread 13" [_thread_blocked, id=6100, stack(0x0000000030250000,0x0000000030350000)]
  0x0000000019d3c800 JavaThread "WorkerExecutor Queue Thread 12" [_thread_blocked, id=1828, stack(0x0000000030150000,0x0000000030250000)]
  0x0000000019d3b000 JavaThread "WorkerExecutor Queue Thread 11" [_thread_blocked, id=13872, stack(0x0000000030050000,0x0000000030150000)]
  0x000000002005d800 JavaThread "WorkerExecutor Queue Thread 10" [_thread_blocked, id=15536, stack(0x000000002ff50000,0x0000000030050000)]
  0x000000002005c800 JavaThread "WorkerExecutor Queue Thread 9" [_thread_blocked, id=3888, stack(0x000000002fe50000,0x000000002ff50000)]
  0x000000002005a800 JavaThread "WorkerExecutor Queue Thread 7" [_thread_blocked, id=14676, stack(0x000000002fc50000,0x000000002fd50000)]
  0x000000002005e000 JavaThread "WorkerExecutor Queue Thread 6" [_thread_blocked, id=16404, stack(0x000000002fb50000,0x000000002fc50000)]
  0x000000002005b000 JavaThread "WorkerExecutor Queue Thread 5" [_thread_blocked, id=3232, stack(0x000000002fa50000,0x000000002fb50000)]
  0x0000000020053000 JavaThread "WorkerExecutor Queue Thread 4" [_thread_blocked, id=15092, stack(0x000000002f950000,0x000000002fa50000)]
  0x0000000020058000 JavaThread "WorkerExecutor Queue Thread 3" [_thread_blocked, id=5900, stack(0x000000002f220000,0x000000002f320000)]
  0x0000000020059000 JavaThread "stdout" [_thread_in_native, id=11172, stack(0x000000002ef20000,0x000000002f020000)]
  0x0000000020051800 JavaThread "stderr" [_thread_in_native, id=13184, stack(0x000000002eb20000,0x000000002ec20000)]
  0x0000000020057800 JavaThread "pool-6-thread-1" [_thread_blocked, id=17640, stack(0x000000002ea20000,0x000000002eb20000)]
  0x0000000020056800 JavaThread "WorkerExecutor Queue Thread 2" [_thread_blocked, id=7780, stack(0x000000002e920000,0x000000002ea20000)]
  0x000000001da11000 JavaThread "WorkerExecutor Queue" [_thread_blocked, id=5852, stack(0x000000002e820000,0x000000002e920000)]
  0x000000001da10000 JavaThread "Cache worker for execution history cache (C:\Users\xenon\AndroidStudioProjects\Health-Checker\.gradle\6.5\executionHistory)" [_thread_blocked, id=18384, stack(0x000000002e720000,0x000000002e820000)]
  0x000000001da0f800 JavaThread "Execution worker for ':' Thread 11" [_thread_blocked, id=10848, stack(0x000000002e020000,0x000000002e120000)]
  0x000000001da15800 JavaThread "Execution worker for ':' Thread 10" [_thread_blocked, id=11736, stack(0x000000002df20000,0x000000002e020000)]
  0x000000001da12800 JavaThread "Execution worker for ':' Thread 9" [_thread_blocked, id=11256, stack(0x000000002de20000,0x000000002df20000)]
  0x000000001da0e800 JavaThread "Execution worker for ':' Thread 8" [_thread_blocked, id=3660, stack(0x000000002dd20000,0x000000002de20000)]
  0x000000001da13000 JavaThread "Execution worker for ':' Thread 7" [_thread_blocked, id=15156, stack(0x000000002dc20000,0x000000002dd20000)]
  0x000000001da11800 JavaThread "Execution worker for ':' Thread 6" [_thread_blocked, id=13128, stack(0x000000002db20000,0x000000002dc20000)]
  0x000000001da07000 JavaThread "Execution worker for ':' Thread 5" [_thread_blocked, id=556, stack(0x000000002da20000,0x000000002db20000)]
  0x000000001da06800 JavaThread "Execution worker for ':' Thread 4" [_thread_blocked, id=6432, stack(0x000000002d920000,0x000000002da20000)]
  0x000000001da0d000 JavaThread "Execution worker for ':' Thread 3" [_thread_blocked, id=14872, stack(0x000000002d820000,0x000000002d920000)]
  0x000000001da0b800 JavaThread "Execution worker for ':' Thread 2" [_thread_blocked, id=18268, stack(0x000000002d720000,0x000000002d820000)]
  0x000000001da0c800 JavaThread "Execution worker for ':'" [_thread_blocked, id=18220, stack(0x000000002cee0000,0x000000002cfe0000)]
  0x000000001da0b000 JavaThread "Cache worker for file content cache (C:\Users\xenon\AndroidStudioProjects\Health-Checker\.gradle\6.5\fileContent)" [_thread_blocked, id=12040, stack(0x000000002af10000,0x000000002b010000)]
  0x000000001da08000 JavaThread "pool-5-thread-1" [_thread_blocked, id=9184, stack(0x000000002ac10000,0x000000002ad10000)]
  0x000000001da0a000 JavaThread "Cache worker for Build Output Cleanup Cache (C:\Users\xenon\AndroidStudioProjects\Health-Checker\.gradle\buildOutputCleanup)" [_thread_blocked, id=18048, stack(0x0000000024c10000,0x0000000024d10000)]
  0x000000001da09800 JavaThread "Build operations Thread 12" [_thread_blocked, id=13568, stack(0x0000000024b10000,0x0000000024c10000)]
  0x000000001d9ff000 JavaThread "Build operations Thread 11" [_thread_blocked, id=10092, stack(0x0000000024a10000,0x0000000024b10000)]
  0x000000001d9ff800 JavaThread "Build operations Thread 10" [_thread_blocked, id=16608, stack(0x0000000024910000,0x0000000024a10000)]
  0x000000001da05800 JavaThread "Build operations Thread 9" [_thread_in_Java, id=8312, stack(0x0000000024810000,0x0000000024910000)]
  0x000000001da03800 JavaThread "Build operations Thread 8" [_thread_blocked, id=11156, stack(0x0000000024710000,0x0000000024810000)]
  0x000000001da04000 JavaThread "Build operations Thread 7" [_thread_blocked, id=14344, stack(0x0000000024510000,0x0000000024610000)]
  0x000000001d9fe000 JavaThread "Build operations Thread 6" [_thread_blocked, id=17412, stack(0x0000000024410000,0x0000000024510000)]
  0x000000001da02800 JavaThread "Build operations Thread 5" [_thread_blocked, id=1060, stack(0x0000000024310000,0x0000000024410000)]
  0x000000001da02000 JavaThread "Build operations Thread 4" [_thread_blocked, id=9500, stack(0x0000000024210000,0x0000000024310000)]
  0x000000001da00800 JavaThread "Build operations Thread 3" [_thread_blocked, id=13740, stack(0x0000000024110000,0x0000000024210000)]
  0x000000001da01000 JavaThread "Build operations Thread 2" [_thread_blocked, id=15428, stack(0x0000000024010000,0x0000000024110000)]
  0x000000001da05000 JavaThread "Build operations" [_thread_blocked, id=1352, stack(0x0000000023010000,0x0000000023110000)]
  0x000000001d9f6800 JavaThread "Cache worker for cache directory md-rule (C:\Users\xenon\.gradle\caches\6.5\md-rule)" [_thread_blocked, id=17240, stack(0x0000000022f10000,0x0000000023010000)]
  0x000000001d9fd800 JavaThread "Cache worker for cache directory md-supplier (C:\Users\xenon\.gradle\caches\6.5\md-supplier)" [_thread_blocked, id=13540, stack(0x0000000021c40000,0x0000000021d40000)]
  0x000000001d9fc000 JavaThread "Cache worker for checksums cache (C:\Users\xenon\AndroidStudioProjects\Health-Checker\.gradle\checksums)" [_thread_blocked, id=14920, stack(0x0000000021940000,0x0000000021a40000)]
  0x000000001d9fc800 JavaThread "Cache worker for file hash cache (C:\Users\xenon\AndroidStudioProjects\Health-Checker\.gradle\6.5\fileHashes)" [_thread_blocked, id=6872, stack(0x000000001efa0000,0x000000001f0a0000)]
  0x000000001d9fa800 JavaThread "Thread-194" [_thread_blocked, id=15272, stack(0x000000001eda0000,0x000000001eea0000)]
  0x000000001d9f7800 JavaThread "Stdin handler" [_thread_blocked, id=18028, stack(0x000000001eaa0000,0x000000001eba0000)]
  0x000000001d9f9800 JavaThread "Asynchronous log dispatcher for DefaultDaemonConnection: socket connection from /127.0.0.1:50524 to /127.0.0.1:50595" [_thread_blocked, id=8428, stack(0x00000000013a0000,0x00000000014a0000)]
  0x000000001d9f9000 JavaThread "Cancel handler" [_thread_blocked, id=13348, stack(0x00000000012a0000,0x00000000013a0000)]
  0x000000001d9fb000 JavaThread "Handler for socket connection from /127.0.0.1:50524 to /127.0.0.1:50595" [_thread_in_native, id=12532, stack(0x00000000011a0000,0x00000000012a0000)]
  0x000000001d9f8000 JavaThread "ForkJoinPool.commonPool-worker-3" daemon [_thread_blocked, id=2664, stack(0x0000000032b80000,0x0000000032c80000)]
  0x000000001bd2e800 JavaThread "ForkJoinPool.commonPool-worker-10" daemon [_thread_blocked, id=8704, stack(0x0000000032a80000,0x0000000032b80000)]
  0x000000001bd2d000 JavaThread "ForkJoinPool.commonPool-worker-1" daemon [_thread_blocked, id=15796, stack(0x0000000032980000,0x0000000032a80000)]
  0x000000001bd2e000 JavaThread "ForkJoinPool.commonPool-worker-15" daemon [_thread_blocked, id=2960, stack(0x0000000031460000,0x0000000031560000)]
  0x0000000019d3f800 JavaThread "Cache worker for Java compile cache (C:\Users\xenon\.gradle\caches\6.5\javaCompile)" [_thread_blocked, id=12564, stack(0x000000002ee20000,0x000000002ef20000)]
  0x0000000020050800 JavaThread "Memory manager" [_thread_blocked, id=15744, stack(0x000000002cde0000,0x000000002cee0000)]
  0x000000002004f000 JavaThread "jar transforms Thread 94" [_thread_blocked, id=10552, stack(0x000000002a910000,0x000000002aa10000)]
  0x0000000020056000 JavaThread "jar transforms Thread 93" [_thread_blocked, id=10980, stack(0x000000002a810000,0x000000002a910000)]
  0x0000000020052000 JavaThread "jar transforms Thread 92" [_thread_blocked, id=17512, stack(0x000000002a710000,0x000000002a810000)]
  0x0000000020050000 JavaThread "jar transforms Thread 91" [_thread_blocked, id=10708, stack(0x000000002a610000,0x000000002a710000)]
  0x0000000020054800 JavaThread "jar transforms Thread 90" [_thread_blocked, id=14616, stack(0x000000002a510000,0x000000002a610000)]
  0x0000000020053800 JavaThread "jar transforms Thread 89" [_thread_blocked, id=6996, stack(0x000000002a410000,0x000000002a510000)]
  0x0000000020692800 JavaThread "jar transforms Thread 88" [_thread_blocked, id=11856, stack(0x000000002a310000,0x000000002a410000)]
  0x000000002068f800 JavaThread "jar transforms Thread 87" [_thread_blocked, id=6044, stack(0x000000002a210000,0x000000002a310000)]
  0x000000002068d800 JavaThread "jar transforms Thread 86" [_thread_blocked, id=5988, stack(0x000000002a110000,0x000000002a210000)]
  0x0000000020690800 JavaThread "jar transforms Thread 85" [_thread_blocked, id=2704, stack(0x000000002a010000,0x000000002a110000)]
  0x000000002068e000 JavaThread "jar transforms Thread 84" [_thread_blocked, id=4088, stack(0x0000000029f10000,0x000000002a010000)]
  0x000000002068f000 JavaThread "jar transforms Thread 83" [_thread_blocked, id=9944, stack(0x0000000029e10000,0x0000000029f10000)]
  0x0000000020691000 JavaThread "jar transforms Thread 82" [_thread_blocked, id=15124, stack(0x0000000029d10000,0x0000000029e10000)]
  0x0000000020692000 JavaThread "jar transforms Thread 81" [_thread_blocked, id=4404, stack(0x0000000029c10000,0x0000000029d10000)]
  0x0000000020693800 JavaThread "jar transforms Thread 80" [_thread_blocked, id=9068, stack(0x0000000029b10000,0x0000000029c10000)]
  0x000000002068c000 JavaThread "jar transforms Thread 79" [_thread_blocked, id=7944, stack(0x0000000029a10000,0x0000000029b10000)]
  0x000000002068c800 JavaThread "jar transforms Thread 78" [_thread_blocked, id=16632, stack(0x0000000029910000,0x0000000029a10000)]
  0x0000000020684800 JavaThread "jar transforms Thread 77" [_thread_blocked, id=6500, stack(0x0000000029810000,0x0000000029910000)]
  0x0000000020689000 JavaThread "jar transforms Thread 76" [_thread_blocked, id=11684, stack(0x0000000029710000,0x0000000029810000)]
  0x0000000020688000 JavaThread "jar transforms Thread 75" [_thread_blocked, id=10984, stack(0x0000000029610000,0x0000000029710000)]
  0x000000002068b000 JavaThread "jar transforms Thread 74" [_thread_blocked, id=18412, stack(0x0000000029510000,0x0000000029610000)]
  0x0000000020686000 JavaThread "jar transforms Thread 73" [_thread_blocked, id=5776, stack(0x0000000029410000,0x0000000029510000)]
  0x000000002068a800 JavaThread "jar transforms Thread 72" [_thread_blocked, id=1428, stack(0x0000000029310000,0x0000000029410000)]
  0x0000000020685000 JavaThread "jar transforms Thread 71" [_thread_blocked, id=10720, stack(0x0000000029210000,0x0000000029310000)]
  0x0000000020689800 JavaThread "jar transforms Thread 70" [_thread_blocked, id=15880, stack(0x0000000029110000,0x0000000029210000)]
  0x0000000020687800 JavaThread "jar transforms Thread 69" [_thread_blocked, id=16344, stack(0x0000000029010000,0x0000000029110000)]
  0x0000000020686800 JavaThread "jar transforms Thread 68" [_thread_blocked, id=15596, stack(0x0000000028f10000,0x0000000029010000)]
  0x000000002141f800 JavaThread "jar transforms Thread 67" [_thread_blocked, id=16712, stack(0x0000000028e10000,0x0000000028f10000)]
  0x0000000021418000 JavaThread "jar transforms Thread 66" [_thread_blocked, id=15336, stack(0x0000000028d10000,0x0000000028e10000)]
  0x0000000021418800 JavaThread "jar transforms Thread 65" [_thread_blocked, id=3528, stack(0x0000000028c10000,0x0000000028d10000)]
  0x000000002141e800 JavaThread "jar transforms Thread 64" [_thread_blocked, id=3388, stack(0x0000000028b10000,0x0000000028c10000)]
  0x000000002141d000 JavaThread "jar transforms Thread 63" [_thread_blocked, id=988, stack(0x0000000028a10000,0x0000000028b10000)]
  0x000000002141c800 JavaThread "jar transforms Thread 62" [_thread_blocked, id=8784, stack(0x0000000028910000,0x0000000028a10000)]
  0x000000002141e000 JavaThread "jar transforms Thread 61" [_thread_blocked, id=10460, stack(0x0000000028810000,0x0000000028910000)]
  0x000000002141b800 JavaThread "jar transforms Thread 60" [_thread_blocked, id=10900, stack(0x0000000028710000,0x0000000028810000)]
  0x0000000021415000 JavaThread "jar transforms Thread 59" [_thread_blocked, id=1028, stack(0x0000000028610000,0x0000000028710000)]
  0x000000002141a000 JavaThread "jar transforms Thread 58" [_thread_blocked, id=10652, stack(0x0000000028510000,0x0000000028610000)]
  0x0000000021417000 JavaThread "jar transforms Thread 57" [_thread_blocked, id=10104, stack(0x0000000028410000,0x0000000028510000)]
  0x0000000021419800 JavaThread "jar transforms Thread 56" [_thread_blocked, id=12748, stack(0x0000000028310000,0x0000000028410000)]
  0x0000000021414000 JavaThread "jar transforms Thread 55" [_thread_blocked, id=14104, stack(0x0000000028210000,0x0000000028310000)]
  0x000000002141b000 JavaThread "jar transforms Thread 54" [_thread_blocked, id=8264, stack(0x0000000028110000,0x0000000028210000)]
  0x0000000021416800 JavaThread "jar transforms Thread 53" [_thread_blocked, id=2908, stack(0x0000000028010000,0x0000000028110000)]
  0x0000000021410800 JavaThread "jar transforms Thread 52" [_thread_blocked, id=12380, stack(0x0000000027f10000,0x0000000028010000)]
  0x0000000021413800 JavaThread "jar transforms Thread 51" [_thread_blocked, id=17560, stack(0x0000000027e10000,0x0000000027f10000)]
  0x0000000021415800 JavaThread "jar transforms Thread 50" [_thread_blocked, id=17788, stack(0x0000000027d10000,0x0000000027e10000)]
  0x0000000021411000 JavaThread "jar transforms Thread 49" [_thread_blocked, id=3048, stack(0x0000000027c10000,0x0000000027d10000)]
  0x0000000021412000 JavaThread "jar transforms Thread 48" [_thread_blocked, id=17172, stack(0x0000000027b10000,0x0000000027c10000)]
  0x0000000021412800 JavaThread "jar transforms Thread 47" [_thread_blocked, id=16032, stack(0x0000000027a10000,0x0000000027b10000)]
  0x00000000201a9800 JavaThread "jar transforms Thread 46" [_thread_blocked, id=15840, stack(0x0000000027910000,0x0000000027a10000)]
  0x00000000201a8800 JavaThread "jar transforms Thread 45" [_thread_blocked, id=7164, stack(0x0000000027810000,0x0000000027910000)]
  0x00000000201af800 JavaThread "jar transforms Thread 44" [_thread_blocked, id=16896, stack(0x0000000027710000,0x0000000027810000)]
  0x00000000201ae800 JavaThread "jar transforms Thread 43" [_thread_blocked, id=12784, stack(0x0000000027610000,0x0000000027710000)]
  0x00000000201ae000 JavaThread "jar transforms Thread 42" [_thread_blocked, id=13236, stack(0x0000000027510000,0x0000000027610000)]
  0x00000000201ac800 JavaThread "jar transforms Thread 41" [_thread_blocked, id=15812, stack(0x0000000027410000,0x0000000027510000)]
  0x00000000201ad000 JavaThread "jar transforms Thread 40" [_thread_blocked, id=3584, stack(0x0000000027310000,0x0000000027410000)]
  0x00000000201ab800 JavaThread "jar transforms Thread 39" [_thread_blocked, id=15440, stack(0x0000000027210000,0x0000000027310000)]
  0x00000000201ab000 JavaThread "jar transforms Thread 38" [_thread_blocked, id=16156, stack(0x0000000027110000,0x0000000027210000)]
  0x00000000201aa000 JavaThread "jar transforms Thread 37" [_thread_blocked, id=17196, stack(0x0000000027010000,0x0000000027110000)]
  0x00000000201a8000 JavaThread "jar transforms Thread 36" [_thread_blocked, id=14792, stack(0x0000000026f10000,0x0000000027010000)]
  0x00000000201a0800 JavaThread "jar transforms Thread 35" [_thread_blocked, id=7124, stack(0x0000000026e10000,0x0000000026f10000)]
  0x00000000201a5800 JavaThread "jar transforms Thread 34" [_thread_blocked, id=7556, stack(0x0000000026d10000,0x0000000026e10000)]
  0x00000000201a2800 JavaThread "jar transforms Thread 33" [_thread_blocked, id=10816, stack(0x0000000026c10000,0x0000000026d10000)]
  0x00000000201a1000 JavaThread "jar transforms Thread 32" [_thread_blocked, id=15904, stack(0x0000000026b10000,0x0000000026c10000)]
  0x00000000201a4000 JavaThread "jar transforms Thread 31" [_thread_blocked, id=7536, stack(0x0000000026a10000,0x0000000026b10000)]
  0x00000000201a2000 JavaThread "jar transforms Thread 30" [_thread_blocked, id=11872, stack(0x0000000026910000,0x0000000026a10000)]
  0x00000000201a5000 JavaThread "jar transforms Thread 29" [_thread_blocked, id=11728, stack(0x0000000026810000,0x0000000026910000)]
  0x00000000201a6800 JavaThread "jar transforms Thread 28" [_thread_blocked, id=14544, stack(0x0000000026710000,0x0000000026810000)]
  0x00000000201a3800 JavaThread "jar transforms Thread 27" [_thread_blocked, id=1304, stack(0x0000000026610000,0x0000000026710000)]
  0x00000000201a7000 JavaThread "jar transforms Thread 26" [_thread_blocked, id=8340, stack(0x0000000026510000,0x0000000026610000)]
  0x0000000021d8c000 JavaThread "jar transforms Thread 25" [_thread_blocked, id=4928, stack(0x0000000026410000,0x0000000026510000)]
  0x0000000021d90800 JavaThread "jar transforms Thread 24" [_thread_blocked, id=10252, stack(0x0000000026310000,0x0000000026410000)]
  0x0000000021d90000 JavaThread "jar transforms Thread 23" [_thread_blocked, id=9744, stack(0x0000000026210000,0x0000000026310000)]
  0x0000000021d8f000 JavaThread "jar transforms Thread 22" [_thread_blocked, id=16060, stack(0x0000000026110000,0x0000000026210000)]
  0x0000000021d91800 JavaThread "jar transforms Thread 21" [_thread_blocked, id=9196, stack(0x0000000026010000,0x0000000026110000)]
  0x0000000021d8b800 JavaThread "jar transforms Thread 20" [_thread_blocked, id=6084, stack(0x0000000025f10000,0x0000000026010000)]
  0x0000000021d8e800 JavaThread "jar transforms Thread 19" [_thread_blocked, id=2216, stack(0x0000000025e10000,0x0000000025f10000)]
  0x0000000021d8d800 JavaThread "jar transforms Thread 18" [_thread_blocked, id=9472, stack(0x0000000025d10000,0x0000000025e10000)]
  0x0000000021d8a800 JavaThread "jar transforms Thread 17" [_thread_blocked, id=10376, stack(0x0000000025c10000,0x0000000025d10000)]
  0x0000000021d8d000 JavaThread "jar transforms Thread 16" [_thread_blocked, id=2576, stack(0x0000000025b10000,0x0000000025c10000)]
  0x0000000021d84000 JavaThread "jar transforms Thread 15" [_thread_blocked, id=12616, stack(0x0000000025a10000,0x0000000025b10000)]
  0x0000000021d86000 JavaThread "jar transforms Thread 14" [_thread_blocked, id=10484, stack(0x0000000025910000,0x0000000025a10000)]
  0x0000000021d83000 JavaThread "jar transforms Thread 13" [_thread_blocked, id=11072, stack(0x0000000025810000,0x0000000025910000)]
  0x0000000021d87000 JavaThread "jar transforms Thread 12" [_thread_blocked, id=2628, stack(0x0000000025710000,0x0000000025810000)]
  0x0000000021d8a000 JavaThread "jar transforms Thread 11" [_thread_blocked, id=14940, stack(0x0000000025610000,0x0000000025710000)]
  0x0000000021d85800 JavaThread "jar transforms Thread 10" [_thread_blocked, id=17784, stack(0x0000000025510000,0x0000000025610000)]
  0x0000000021d82800 JavaThread "jar transforms Thread 9" [_thread_blocked, id=10940, stack(0x0000000025410000,0x0000000025510000)]
  0x0000000021d84800 JavaThread "jar transforms Thread 8" [_thread_blocked, id=3324, stack(0x0000000025310000,0x0000000025410000)]
  0x0000000021d89000 JavaThread "jar transforms Thread 7" [_thread_blocked, id=11536, stack(0x0000000025210000,0x0000000025310000)]
  0x0000000021d88800 JavaThread "jar transforms Thread 6" [_thread_blocked, id=17924, stack(0x0000000025110000,0x0000000025210000)]
  0x0000000021d87800 JavaThread "jar transforms Thread 5" [_thread_blocked, id=14740, stack(0x0000000025010000,0x0000000025110000)]
  0x000000001cb05800 JavaThread "jar transforms Thread 4" [_thread_blocked, id=8988, stack(0x0000000024f10000,0x0000000025010000)]
  0x000000001cb03000 JavaThread "jar transforms Thread 3" [_thread_blocked, id=7056, stack(0x0000000024e10000,0x0000000024f10000)]
  0x000000001cb02800 JavaThread "jar transforms Thread 2" [_thread_blocked, id=17908, stack(0x0000000024d10000,0x0000000024e10000)]
  0x000000001cafd000 JavaThread "Cache worker for file content cache (C:\Users\xenon\.gradle\caches\6.5\fileContent)" [_thread_blocked, id=17404, stack(0x0000000023910000,0x0000000023a10000)]
  0x0000000019a1d000 JavaThread "jar transforms" [_thread_blocked, id=12656, stack(0x0000000023810000,0x0000000023910000)]
  0x0000000019a1b000 JavaThread "Cache worker for execution history cache (C:\Users\xenon\.gradle\caches\6.5\executionHistory)" [_thread_blocked, id=11712, stack(0x0000000023110000,0x0000000023210000)]
  0x0000000019a19800 JavaThread "Cache worker for file hash cache (C:\Users\xenon\.gradle\caches\6.5\fileHashes)" [_thread_blocked, id=17192, stack(0x000000001f6a0000,0x000000001f7a0000)]
  0x0000000019a17000 JavaThread "File lock request listener" [_thread_in_native, id=18308, stack(0x000000001f5a0000,0x000000001f6a0000)]
  0x000000001d3a2000 JavaThread "Cache worker for journal cache (C:\Users\xenon\.gradle\caches\journal-1)" [_thread_blocked, id=2380, stack(0x000000001f4a0000,0x000000001f5a0000)]
  0x000000001d314000 JavaThread "Daemon worker" [_thread_blocked, id=3156, stack(0x000000001eea0000,0x000000001efa0000)]
  0x000000001d22d000 JavaThread "Daemon" [_thread_blocked, id=16852, stack(0x000000001e9a0000,0x000000001eaa0000)]
  0x000000001d294800 JavaThread "Daemon periodic checks" [_thread_blocked, id=15184, stack(0x000000001e8a0000,0x000000001e9a0000)]
  0x000000001d18d800 JavaThread "Incoming local TCP Connector on port 50524" [_thread_in_native, id=9628, stack(0x000000001e660000,0x000000001e760000)]
  0x000000001d1c1000 JavaThread "Daemon health stats" [_thread_blocked, id=17588, stack(0x000000001e020000,0x000000001e120000)]
  0x0000000019aa2800 JavaThread "Service Thread" daemon [_thread_blocked, id=13560, stack(0x000000001b480000,0x000000001b580000)]
  0x0000000019a1b800 JavaThread "C1 CompilerThread3" daemon [_thread_blocked, id=16008, stack(0x000000001b380000,0x000000001b480000)]
  0x0000000019a1e000 JavaThread "C2 CompilerThread2" daemon [_thread_in_vm, id=13980, stack(0x000000001b280000,0x000000001b380000)]
=>0x0000000019a0e000 JavaThread "C2 CompilerThread1" daemon [_thread_in_native, id=12156, stack(0x000000001b180000,0x000000001b280000)]
  0x0000000019a05800 JavaThread "C2 CompilerThread0" daemon [_thread_in_native, id=18212, stack(0x000000001b080000,0x000000001b180000)]
  0x0000000019a03800 JavaThread "Attach Listener" daemon [_thread_blocked, id=7632, stack(0x000000001af80000,0x000000001b080000)]
  0x0000000019a02000 JavaThread "Signal Dispatcher" daemon [_thread_blocked, id=14944, stack(0x000000001ae80000,0x000000001af80000)]
  0x0000000018312800 JavaThread "Finalizer" daemon [_thread_blocked, id=14240, stack(0x000000001ac80000,0x000000001ad80000)]
  0x00000000199f3000 JavaThread "Reference Handler" daemon [_thread_blocked, id=10860, stack(0x000000001ab80000,0x000000001ac80000)]
  0x0000000002dee000 JavaThread "main" [_thread_blocked, id=18356, stack(0x0000000002ea0000,0x0000000002fa0000)]

Other Threads:
  0x0000000018305800 VMThread [stack: 0x000000001aa80000,0x000000001ab80000] [id=2920]
  0x0000000019a7f000 WatcherThread [stack: 0x000000001b580000,0x000000001b680000] [id=8984]

VM state:not at safepoint (normal execution)

VM Mutex/Monitor currently owned by a thread: None

heap address: 0x0000000080000000, size: 2048 MB, Compressed Oops mode: 32-bit
Narrow klass base: 0x0000000000000000, Narrow klass shift: 3
Compressed class space size: 1073741824 Address: 0x0000000100000000

Heap:
 PSYoungGen      total 606720K, used 480491K [0x00000000d5580000, 0x00000000ff880000, 0x0000000100000000)
  eden space 530432K, 86% used [0x00000000d5580000,0x00000000f1561dd8,0x00000000f5b80000)
  from space 76288K, 28% used [0x00000000f5b80000,0x00000000f70d9030,0x00000000fa600000)
  to   space 71168K, 0% used [0x00000000fb300000,0x00000000fb300000,0x00000000ff880000)
 ParOldGen       total 413184K, used 198479K [0x0000000080000000, 0x0000000099380000, 0x00000000d5580000)
  object space 413184K, 48% used [0x0000000080000000,0x000000008c1d3c40,0x0000000099380000)
 Metaspace       used 93600K, capacity 98606K, committed 102040K, reserved 1136640K
  class space    used 12218K, capacity 13096K, committed 14000K, reserved 1048576K

Card table byte_map: [0x0000000012460000,0x0000000012870000] byte_map_base: 0x0000000012060000

Marking Bits: (ParMarkBitMap*) 0x000000007698f030
 Begin Bits: [0x0000000013520000, 0x0000000015520000)
 End Bits:   [0x0000000015520000, 0x0000000017520000)

Polling page: 0x0000000001070000

CodeCache: size=245760Kb used=57498Kb max_used=57530Kb free=188261Kb
 bounds [0x00000000030a0000, 0x0000000006940000, 0x00000000120a0000]
 total_blobs=17064 nmethods=16192 adapters=783
 compilation: enabled

Compilation events (10 events):
Event: 72.064 Thread 0x0000000019a1b800 20476 %     3       com.android.tools.r8.ir.regalloc.b::z @ 10 (42 bytes)
Event: 72.065 Thread 0x0000000019a1b800 nmethod 20476% 0x00000000063b9fd0 code [0x00000000063ba1a0, 0x00000000063ba998]
Event: 72.133 Thread 0x0000000019a1b800 20478       2       com.android.tools.r8.dex.t::i (10 bytes)
Event: 72.133 Thread 0x0000000019a1b800 nmethod 20478 0x00000000061a4d10 code [0x00000000061a4e80, 0x00000000061a5008]
Event: 72.225 Thread 0x0000000019a1b800 20479       3       com.android.tools.r8.graph.C::a (75 bytes)
Event: 72.225 Thread 0x0000000019a1b800 nmethod 20479 0x00000000062b4e10 code [0x00000000062b5040, 0x00000000062b5c18]
Event: 72.309 Thread 0x0000000019a05800 nmethod 20442% 0x000000000690ec10 code [0x000000000690ffc0, 0x00000000069189b0]
Event: 72.309 Thread 0x0000000019a05800 20472       4       com.android.tools.r8.ir.optimize.l::r (2050 bytes)
Event: 72.358 Thread 0x0000000019a1b800 20481       2       com.android.tools.r8.q.a.a.b.L::add (9 bytes)
Event: 72.358 Thread 0x0000000019a1b800 nmethod 20481 0x000000000605d8d0 code [0x000000000605da40, 0x000000000605dbc8]

GC Heap History (10 events):
Event: 69.156 GC heap before
{Heap before GC invocations=28 (full 5):
 PSYoungGen      total 592896K, used 508136K [0x00000000d5580000, 0x00000000ff680000, 0x0000000100000000)
  eden space 500736K, 100% used [0x00000000d5580000,0x00000000f3e80000,0x00000000f3e80000)
  from space 92160K, 8% used [0x00000000f9c80000,0x00000000fa3ba320,0x00000000ff680000)
  to   space 94208K, 0% used [0x00000000f3e80000,0x00000000f3e80000,0x00000000f9a80000)
 ParOldGen       total 413184K, used 188148K [0x0000000080000000, 0x0000000099380000, 0x00000000d5580000)
  object space 413184K, 45% used [0x0000000080000000,0x000000008b7bd3b8,0x0000000099380000)
 Metaspace       used 93526K, capacity 98584K, committed 102040K, reserved 1136640K
  class space    used 12217K, capacity 13095K, committed 14000K, reserved 1048576K
Event: 69.166 GC heap after
Heap after GC invocations=28 (full 5):
 PSYoungGen      total 594944K, used 8686K [0x00000000d5580000, 0x00000000ffa00000, 0x0000000100000000)
  eden space 500736K, 0% used [0x00000000d5580000,0x00000000d5580000,0x00000000f3e80000)
  from space 94208K, 9% used [0x00000000f3e80000,0x00000000f46fb8a0,0x00000000f9a80000)
  to   space 90112K, 0% used [0x00000000fa200000,0x00000000fa200000,0x00000000ffa00000)
 ParOldGen       total 413184K, used 192046K [0x0000000080000000, 0x0000000099380000, 0x00000000d5580000)
  object space 413184K, 46% used [0x0000000080000000,0x000000008bb8ba90,0x0000000099380000)
 Metaspace       used 93526K, capacity 98584K, committed 102040K, reserved 1136640K
  class space    used 12217K, capacity 13095K, committed 14000K, reserved 1048576K
}
Event: 69.629 GC heap before
{Heap before GC invocations=29 (full 5):
 PSYoungGen      total 594944K, used 509422K [0x00000000d5580000, 0x00000000ffa00000, 0x0000000100000000)
  eden space 500736K, 100% used [0x00000000d5580000,0x00000000f3e80000,0x00000000f3e80000)
  from space 94208K, 9% used [0x00000000f3e80000,0x00000000f46fb8a0,0x00000000f9a80000)
  to   space 90112K, 0% used [0x00000000fa200000,0x00000000fa200000,0x00000000ffa00000)
 ParOldGen       total 413184K, used 192046K [0x0000000080000000, 0x0000000099380000, 0x00000000d5580000)
  object space 413184K, 46% used [0x0000000080000000,0x000000008bb8ba90,0x0000000099380000)
 Metaspace       used 93531K, capacity 98584K, committed 102040K, reserved 1136640K
  class space    used 12217K, capacity 13095K, committed 14000K, reserved 1048576K
Event: 69.641 GC heap after
Heap after GC invocations=29 (full 5):
 PSYoungGen      total 599552K, used 5964K [0x00000000d5580000, 0x00000000ff500000, 0x0000000100000000)
  eden space 514560K, 0% used [0x00000000d5580000,0x00000000d5580000,0x00000000f4c00000)
  from space 84992K, 7% used [0x00000000fa200000,0x00000000fa7d31d0,0x00000000ff500000)
  to   space 86528K, 0% used [0x00000000f4c00000,0x00000000f4c00000,0x00000000fa080000)
 ParOldGen       total 413184K, used 198463K [0x0000000080000000, 0x0000000099380000, 0x00000000d5580000)
  object space 413184K, 48% used [0x0000000080000000,0x000000008c1cfc40,0x0000000099380000)
 Metaspace       used 93531K, capacity 98584K, committed 102040K, reserved 1136640K
  class space    used 12217K, capacity 13095K, committed 14000K, reserved 1048576K
}
Event: 70.212 GC heap before
{Heap before GC invocations=30 (full 5):
 PSYoungGen      total 599552K, used 520524K [0x00000000d5580000, 0x00000000ff500000, 0x0000000100000000)
  eden space 514560K, 100% used [0x00000000d5580000,0x00000000f4c00000,0x00000000f4c00000)
  from space 84992K, 7% used [0x00000000fa200000,0x00000000fa7d31d0,0x00000000ff500000)
  to   space 86528K, 0% used [0x00000000f4c00000,0x00000000f4c00000,0x00000000fa080000)
 ParOldGen       total 413184K, used 198463K [0x0000000080000000, 0x0000000099380000, 0x00000000d5580000)
  object space 413184K, 48% used [0x0000000080000000,0x000000008c1cfc40,0x0000000099380000)
 Metaspace       used 93548K, capacity 98600K, committed 102040K, reserved 1136640K
  class space    used 12217K, capacity 13095K, committed 14000K, reserved 1048576K
Event: 70.226 GC heap after
Heap after GC invocations=30 (full 5):
 PSYoungGen      total 601088K, used 11173K [0x00000000d5580000, 0x00000000ff880000, 0x0000000100000000)
  eden space 514560K, 0% used [0x00000000d5580000,0x00000000d5580000,0x00000000f4c00000)
  from space 86528K, 12% used [0x00000000f4c00000,0x00000000f56e9490,0x00000000fa080000)
  to   space 81920K, 0% used [0x00000000fa880000,0x00000000fa880000,0x00000000ff880000)
 ParOldGen       total 413184K, used 198471K [0x0000000080000000, 0x0000000099380000, 0x00000000d5580000)
  object space 413184K, 48% used [0x0000000080000000,0x000000008c1d1c40,0x0000000099380000)
 Metaspace       used 93548K, capacity 98600K, committed 102040K, reserved 1136640K
  class space    used 12217K, capacity 13095K, committed 14000K, reserved 1048576K
}
Event: 70.817 GC heap before
{Heap before GC invocations=31 (full 5):
 PSYoungGen      total 601088K, used 525733K [0x00000000d5580000, 0x00000000ff880000, 0x0000000100000000)
  eden space 514560K, 100% used [0x00000000d5580000,0x00000000f4c00000,0x00000000f4c00000)
  from space 86528K, 12% used [0x00000000f4c00000,0x00000000f56e9490,0x00000000fa080000)
  to   space 81920K, 0% used [0x00000000fa880000,0x00000000fa880000,0x00000000ff880000)
 ParOldGen       total 413184K, used 198471K [0x0000000080000000, 0x0000000099380000, 0x00000000d5580000)
  object space 413184K, 48% used [0x0000000080000000,0x000000008c1d1c40,0x0000000099380000)
 Metaspace       used 93583K, capacity 98602K, committed 102040K, reserved 1136640K
  class space    used 12218K, capacity 13096K, committed 14000K, reserved 1048576K
Event: 70.835 GC heap after
Heap after GC invocations=31 (full 5):
 PSYoungGen      total 604160K, used 19747K [0x00000000d5580000, 0x00000000ff080000, 0x0000000100000000)
  eden space 530432K, 0% used [0x00000000d5580000,0x00000000d5580000,0x00000000f5b80000)
  from space 73728K, 26% used [0x00000000fa880000,0x00000000fbbc8d28,0x00000000ff080000)
  to   space 76288K, 0% used [0x00000000f5b80000,0x00000000f5b80000,0x00000000fa600000)
 ParOldGen       total 413184K, used 198471K [0x0000000080000000, 0x0000000099380000, 0x00000000d5580000)
  object space 413184K, 48% used [0x0000000080000000,0x000000008c1d1c40,0x0000000099380000)
 Metaspace       used 93583K, capacity 98602K, committed 102040K, reserved 1136640K
  class space    used 12218K, capacity 13096K, committed 14000K, reserved 1048576K
}
Event: 71.557 GC heap before
{Heap before GC invocations=32 (full 5):
 PSYoungGen      total 604160K, used 550179K [0x00000000d5580000, 0x00000000ff080000, 0x0000000100000000)
  eden space 530432K, 100% used [0x00000000d5580000,0x00000000f5b80000,0x00000000f5b80000)
  from space 73728K, 26% used [0x00000000fa880000,0x00000000fbbc8d28,0x00000000ff080000)
  to   space 76288K, 0% used [0x00000000f5b80000,0x00000000f5b80000,0x00000000fa600000)
 ParOldGen       total 413184K, used 198471K [0x0000000080000000, 0x0000000099380000, 0x00000000d5580000)
  object space 413184K, 48% used [0x0000000080000000,0x000000008c1d1c40,0x0000000099380000)
 Metaspace       used 93598K, capacity 98606K, committed 102040K, reserved 1136640K
  class space    used 12218K, capacity 13096K, committed 14000K, reserved 1048576K
Event: 71.572 GC heap after
Heap after GC invocations=32 (full 5):
 PSYoungGen      total 606720K, used 21860K [0x00000000d5580000, 0x00000000ff880000, 0x0000000100000000)
  eden space 530432K, 0% used [0x00000000d5580000,0x00000000d5580000,0x00000000f5b80000)
  from space 76288K, 28% used [0x00000000f5b80000,0x00000000f70d9030,0x00000000fa600000)
  to   space 71168K, 0% used [0x00000000fb300000,0x00000000fb300000,0x00000000ff880000)
 ParOldGen       total 413184K, used 198479K [0x0000000080000000, 0x0000000099380000, 0x00000000d5580000)
  object space 413184K, 48% used [0x0000000080000000,0x000000008c1d3c40,0x0000000099380000)
 Metaspace       used 93598K, capacity 98606K, committed 102040K, reserved 1136640K
  class space    used 12218K, capacity 13096K, committed 14000K, reserved 1048576K
}

Deoptimization events (10 events):
Event: 70.513 Thread 0x000000001d9ff000 Uncommon trap: reason=unstable_if action=reinterpret pc=0x00000000066d36b4 method=com.android.tools.r8.ir.optimize.a0.a(Lcom/android/tools/r8/s/b/X;Lcom/android/tools/r8/ir/regalloc/e;I)V @ 509
Event: 70.566 Thread 0x000000001d9ff800 Uncommon trap: reason=unstable_if action=reinterpret pc=0x000000000659a600 method=com.android.tools.r8.ir.conversion.N.a(ILcom/android/tools/r8/s/b/t1;Lcom/android/tools/r8/s/b/o;Lcom/android/tools/r8/s/b/o$c;Lcom/android/tools/r8/s/b/U0$a;)Lcom/android/t
Event: 70.571 Thread 0x000000001d9ff800 Uncommon trap: reason=unstable_if action=reinterpret pc=0x000000000546c3e8 method=com.android.tools.r8.s.a.h.e.b(Lcom/android/tools/r8/s/b/k0;)V @ 11
Event: 70.737 Thread 0x000000001da02000 Uncommon trap: reason=array_check action=maybe_recompile pc=0x0000000005e3f3c8 method=java.util.TimSort.mergeLo(IIII)V @ 212
Event: 70.737 Thread 0x000000001da02000 Uncommon trap: reason=predicate action=maybe_recompile pc=0x0000000005ebb9b8 method=java.util.TimSort.mergeHi(IIII)V @ 191
Event: 70.931 Thread 0x000000001da03800 Uncommon trap: reason=class_check action=maybe_recompile pc=0x0000000006713134 method=com.android.tools.r8.ir.optimize.n.a(Lcom/android/tools/r8/graph/f;Lcom/android/tools/r8/s/b/X;)V @ 745
Event: 70.932 Thread 0x000000001da03800 Uncommon trap: reason=bimorphic action=maybe_recompile pc=0x0000000006870074 method=com.android.tools.r8.ir.optimize.l.a(Lcom/android/tools/r8/s/b/X;Lcom/android/tools/r8/s/b/o;Ljava/util/function/Supplier;Ljava/util/Map;Ljava/util/function/Predicate;)V @
Event: 71.581 Thread 0x000000001da05800 Uncommon trap: reason=unstable_if action=reinterpret pc=0x0000000005f7b530 method=com.android.tools.r8.ir.regalloc.b.compareTo(Ljava/lang/Object;)I @ 35
Event: 71.855 Thread 0x000000001da05800 Uncommon trap: reason=unstable_if action=reinterpret pc=0x000000000686f9e0 method=com.android.tools.r8.s.b.q1.X()I @ 16
Event: 72.115 Thread 0x000000001da00800 Uncommon trap: reason=array_check action=maybe_recompile pc=0x0000000005e3f448 method=java.util.TimSort.mergeLo(IIII)V @ 245

Classes redefined (0 events):
No events

Internal exceptions (10 events):
Event: 70.934 Thread 0x000000001d9ff800 Exception <a 'sun/nio/fs/WindowsException'> (0x00000000d9c3e710) thrown at [C:\src\AOSP-openjdk-git\hotspot\src\share\vm\prims\jni.cpp, line 710]
Event: 70.935 Thread 0x000000001da09800 Exception <a 'sun/nio/fs/WindowsException'> (0x00000000db5af4d0) thrown at [C:\src\AOSP-openjdk-git\hotspot\src\share\vm\prims\jni.cpp, line 710]
Event: 70.954 Thread 0x000000001d9ff800 Exception <a 'sun/nio/fs/WindowsException'> (0x00000000dc66c878) thrown at [C:\src\AOSP-openjdk-git\hotspot\src\share\vm\prims\jni.cpp, line 710]
Event: 70.958 Thread 0x000000001da03800 Exception <a 'sun/nio/fs/WindowsException'> (0x00000000dc81f910) thrown at [C:\src\AOSP-openjdk-git\hotspot\src\share\vm\prims\jni.cpp, line 710]
Event: 70.977 Thread 0x000000001da0c800 Exception <a 'sun/nio/fs/WindowsException'> (0x00000000dccb3968) thrown at [C:\src\AOSP-openjdk-git\hotspot\src\share\vm\prims\jni.cpp, line 710]
Event: 70.980 Thread 0x000000001da05800 Exception <a 'sun/nio/fs/WindowsException'> (0x00000000ddfb1ef0) thrown at [C:\src\AOSP-openjdk-git\hotspot\src\share\vm\prims\jni.cpp, line 710]
Event: 71.055 Thread 0x000000001da09800 Exception <a 'sun/nio/fs/WindowsException'> (0x00000000e2aefdc0) thrown at [C:\src\AOSP-openjdk-git\hotspot\src\share\vm\prims\jni.cpp, line 710]
Event: 71.222 Thread 0x000000001d9fe000 Exception <a 'sun/nio/fs/WindowsException'> (0x00000000e9d19550) thrown at [C:\src\AOSP-openjdk-git\hotspot\src\share\vm\prims\jni.cpp, line 710]
Event: 71.581 Thread 0x000000001da05800 Implicit null exception at 0x0000000005f7b170 to 0x0000000005f7b521
Event: 72.137 Thread 0x000000001da00800 Exception <a 'sun/nio/fs/WindowsException'> (0x00000000e9ec3798) thrown at [C:\src\AOSP-openjdk-git\hotspot\src\share\vm\prims\jni.cpp, line 710]

Events (10 events):
Event: 72.428 Thread 0x000000001da05800 DEOPT PACKING pc=0x000000000527a1cd sp=0x0000000024909ba0
Event: 72.428 Thread 0x000000001da05800 DEOPT UNPACKING pc=0x00000000030e71d0 sp=0x0000000024909be8 mode 0
Event: 72.433 Thread 0x000000001da05800 DEOPT PACKING pc=0x000000000527a1cd sp=0x00000000249097d0
Event: 72.433 Thread 0x000000001da05800 DEOPT UNPACKING pc=0x00000000030e71d0 sp=0x0000000024909818 mode 0
Event: 72.438 Thread 0x000000001da05800 DEOPT PACKING pc=0x000000000527a233 sp=0x00000000249097d0
Event: 72.438 Thread 0x000000001da05800 DEOPT UNPACKING pc=0x00000000030e71d0 sp=0x0000000024909818 mode 0
Event: 72.441 Thread 0x000000001da05800 DEOPT PACKING pc=0x000000000527a233 sp=0x0000000024909ba0
Event: 72.441 Thread 0x000000001da05800 DEOPT UNPACKING pc=0x00000000030e71d0 sp=0x0000000024909be8 mode 0
Event: 72.445 Thread 0x000000001da05800 DEOPT PACKING pc=0x000000000527a1cd sp=0x0000000024909ba0
Event: 72.445 Thread 0x000000001da05800 DEOPT UNPACKING pc=0x00000000030e71d0 sp=0x0000000024909be8 mode 0


Dynamic libraries:
0x00007ff7544e0000 - 0x00007ff754511000 	C:\Program Files\Android\Android Studio\jre\bin\java.exe
0x00007ffe473d0000 - 0x00007ffe475c6000 	C:\Windows\SYSTEM32\ntdll.dll
0x00007ffe46e50000 - 0x00007ffe46f0d000 	C:\Windows\System32\KERNEL32.DLL
0x00007ffe44d40000 - 0x00007ffe45009000 	C:\Windows\System32\KERNELBASE.dll
0x00007ffe45f80000 - 0x00007ffe4602c000 	C:\Windows\System32\ADVAPI32.dll
0x00007ffe45d40000 - 0x00007ffe45dde000 	C:\Windows\System32\msvcrt.dll
0x00007ffe46f10000 - 0x00007ffe46fac000 	C:\Windows\System32\sechost.dll
0x00007ffe45c10000 - 0x00007ffe45d3b000 	C:\Windows\System32\RPCRT4.dll
0x00007ffe47060000 - 0x00007ffe47200000 	C:\Windows\System32\USER32.dll
0x00007ffe450b0000 - 0x00007ffe450d2000 	C:\Windows\System32\win32u.dll
0x00007ffe47030000 - 0x00007ffe4705a000 	C:\Windows\System32\GDI32.dll
0x00007ffe45290000 - 0x00007ffe4539b000 	C:\Windows\System32\gdi32full.dll
0x00007ffe45010000 - 0x00007ffe450ad000 	C:\Windows\System32\msvcp_win.dll
0x00007ffe44b90000 - 0x00007ffe44c90000 	C:\Windows\System32\ucrtbase.dll
0x00007ffe30d50000 - 0x00007ffe30feb000 	C:\Windows\WinSxS\amd64_microsoft.windows.common-controls_6595b64144ccf1df_6.0.19041.746_none_ca02b4b61b8320a4\COMCTL32.dll
0x00007ffe46260000 - 0x00007ffe46290000 	C:\Windows\System32\IMM32.DLL
0x00000000756b0000 - 0x0000000075782000 	C:\Program Files\Android\Android Studio\jre\jre\bin\msvcr100.dll
0x00000000761c0000 - 0x0000000076a0b000 	C:\Program Files\Android\Android Studio\jre\jre\bin\server\jvm.dll
0x00007ffe45e40000 - 0x00007ffe45e48000 	C:\Windows\System32\PSAPI.DLL
0x00007ffe40720000 - 0x00007ffe40729000 	C:\Windows\SYSTEM32\WSOCK32.dll
0x00007ffe3e3c0000 - 0x00007ffe3e3ca000 	C:\Windows\SYSTEM32\VERSION.dll
0x00007ffe34470000 - 0x00007ffe34497000 	C:\Windows\SYSTEM32\WINMM.dll
0x00007ffe45ba0000 - 0x00007ffe45c0b000 	C:\Windows\System32\WS2_32.dll
0x00007ffe40710000 - 0x00007ffe4071f000 	C:\Program Files\Android\Android Studio\jre\jre\bin\verify.dll
0x00007ffe3e580000 - 0x00007ffe3e5a9000 	C:\Program Files\Android\Android Studio\jre\jre\bin\java.dll
0x00007ffe3ee20000 - 0x00007ffe3ee36000 	C:\Program Files\Android\Android Studio\jre\jre\bin\zip.dll
0x00007ffe45430000 - 0x00007ffe45b73000 	C:\Windows\System32\SHELL32.dll
0x00007ffe42c50000 - 0x00007ffe433df000 	C:\Windows\SYSTEM32\windows.storage.dll
0x00007ffe46330000 - 0x00007ffe46686000 	C:\Windows\System32\combase.dll
0x00007ffe444a0000 - 0x00007ffe444cc000 	C:\Windows\SYSTEM32\Wldp.dll
0x00007ffe472e0000 - 0x00007ffe4738e000 	C:\Windows\System32\SHCORE.dll
0x00007ffe46030000 - 0x00007ffe46085000 	C:\Windows\System32\shlwapi.dll
0x00007ffe44a40000 - 0x00007ffe44a66000 	C:\Windows\SYSTEM32\profapi.dll
0x00007ffe3ed90000 - 0x00007ffe3edaa000 	C:\Program Files\Android\Android Studio\jre\jre\bin\net.dll
0x00007ffe44290000 - 0x00007ffe442fa000 	C:\Windows\system32\mswsock.dll
0x00007ffe3e560000 - 0x00007ffe3e573000 	C:\Program Files\Android\Android Studio\jre\jre\bin\nio.dll
0x00007ffe2ebb0000 - 0x00007ffe2ebd7000 	C:\Users\xenon\.gradle\native\f6784746aeab05261644944871eae4fe03e0ef1612fff0a4a95f87b438bc6780\windows-amd64\native-platform.dll
0x00007ffe406e0000 - 0x00007ffe406ed000 	C:\Program Files\Android\Android Studio\jre\jre\bin\management.dll
0x00007ffe447d0000 - 0x00007ffe447e8000 	C:\Windows\SYSTEM32\CRYPTSP.dll
0x00007ffe43be0000 - 0x00007ffe43c14000 	C:\Windows\system32\rsaenh.dll
0x00007ffe453a0000 - 0x00007ffe453c7000 	C:\Windows\System32\bcrypt.dll
0x00007ffe449c0000 - 0x00007ffe449ee000 	C:\Windows\SYSTEM32\USERENV.dll
0x00007ffe44b10000 - 0x00007ffe44b90000 	C:\Windows\System32\bcryptprimitives.dll
0x00007ffe44410000 - 0x00007ffe4441c000 	C:\Windows\SYSTEM32\CRYPTBASE.dll
0x00007ffe43f50000 - 0x00007ffe43f8b000 	C:\Windows\SYSTEM32\IPHLPAPI.DLL
0x00007ffe46690000 - 0x00007ffe46698000 	C:\Windows\System32\NSI.dll
0x00007ffe3d4a0000 - 0x00007ffe3d4b7000 	C:\Windows\SYSTEM32\dhcpcsvc6.DLL
0x00007ffe3e3d0000 - 0x00007ffe3e3ed000 	C:\Windows\SYSTEM32\dhcpcsvc.DLL
0x00007ffe43fa0000 - 0x00007ffe4406b000 	C:\Windows\SYSTEM32\DNSAPI.dll
0x00007ffe3e4c0000 - 0x00007ffe3e4cb000 	C:\Windows\SYSTEM32\WINNSI.DLL

VM Arguments:
jvm_args: -Xmx2048m -Dfile.encoding=UTF-8 -Duser.country=MY -Duser.language=en -Duser.variant 
java_command: org.gradle.launcher.daemon.bootstrap.GradleDaemon 6.5
java_class_path (initial): C:\Users\xenon\.gradle\wrapper\dists\gradle-6.5-bin\6nifqtx7604sqp1q6g8wikw7p\gradle-6.5\lib\gradle-launcher-6.5.jar
Launcher Type: SUN_STANDARD

Environment Variables:
PATH=C:\Windows\system32;C:\Windows;C:\Windows\System32\Wbem;C:\Windows\System32\WindowsPowerShell\v1.0\;C:\Windows\System32\OpenSSH\;C:\Program Files (x86)\NVIDIA Corporation\PhysX\Common;C:\Program Files\NVIDIA Corporation\NVIDIA NvDLISR;C:\Program Files\Git\cmd;C:\Users\xenon\AppData\Local\Microsoft\WindowsApps;
USERNAME=xenon
OS=Windows_NT
PROCESSOR_IDENTIFIER=AMD64 Family 23 Model 8 Stepping 2, AuthenticAMD



---------------  S Y S T E M  ---------------

OS: Windows 10.0 , 64 bit Build 19041 (10.0.19041.662)

CPU:total 12 (initial active 12) (12 cores per cpu, 1 threads per core) family 23 model 8 stepping 2, cmov, cx8, fxsr, mmx, sse, sse2, sse3, ssse3, sse4.1, sse4.2, popcnt, avx, avx2, aes, clmul, mmxext, 3dnowpref, lzcnt, sse4a, tsc, tscinvbit, tscinv, bmi1

Memory: 4k page, physical 16724444k(6508180k free), swap 47981528k(40720k free)

vm_info: OpenJDK 64-Bit Server VM (25.242-b01) for windows-amd64 JRE (1.8.0_242-release-1644-b01), built by "builder" with MS VC++ 10.0 (VS2010)

time: Mon Feb 08 00:11:41 2021
timezone: Malay Peninsula Standard Time
elapsed time: 72 seconds (0d 0h 1m 12s)

